abuild: build starting
abuild: code (abuild-java): all
abuild: test (abuild-java): test
     [exec] 
     [exec] *********************************
     [exec] STARTING TESTS on ---timestamp---
     [exec] *********************************
     [exec] 
     [exec] 
     [exec] Running ../qtest/potato.test
     [exec] potato  1 (potato)                                 ... PASSED
     [exec] potato  2 (fail)                                   ... PASSED
     [exec] 
     [exec] Overall test suite                                 ... PASSED
     [exec] 
     [exec] TESTS COMPLETE.  Summary:
     [exec] 
     [exec] Total tests: 2
     [exec] Passes: 2
     [exec] Failures: 0
     [exec] Unexpected Passes: 0
     [exec] Expected Failures: 0
     [exec] Missing Tests: 0
     [exec] Extra Tests: 0
     [exec] 
    [junit] Running com.example.Potato1Test
    [junit] Tests run: 1, Failures: 0, Errors: 0, Time elapsed: <time>
    [junit] Running com.example.Potato2Test
    [junit] Tests run: 1, Failures: 0, Errors: 0, Time elapsed: <time>
    [junit] Running com.example.PotatoTest
    [junit] Tests run: 3, Failures: 0, Errors: 0, Time elapsed: <time>
[junitreport]...
abuild: build complete
